<?xml version="1.0" encoding="UTF-8"?>
<!-- Generated by org.testng.reporters.JUnitXMLReporter -->
<testsuite hostname="PC-201307311027" name="Command line test" tests="4" failures="0" timestamp="10 May 2016 08:32:59 GMT" time="0.593" errors="0">
  <testcase name="" time="0.515" classname="com.jollychic.JollyCI.GetEdtionTest"/>
  <testcase name="" time="0.0" classname="com.jollychic.JollyCI.GetEdtionTest"/>
  <testcase name="execute" time="0.078" classname="com.jollychic.JollyCI.GetGoodsCommentsTest"/>
  <testcase name="execute2" time="0.0" classname="com.jollychic.JollyCI.GetGoodsCommentsTest"/>
</testsuite> <!-- Command line test -->
