<?xml version="1.0" encoding="UTF-8"?>
<testng-results skipped="0" failed="0" total="4" passed="4">
  <reporter-output>
  </reporter-output>
  <suite name="Command line suite" duration-ms="593" started-at="2016-05-10T08:32:58Z" finished-at="2016-05-10T08:32:59Z">
    <groups>
    </groups>
    <test name="Command line test" duration-ms="593" started-at="2016-05-10T08:32:58Z" finished-at="2016-05-10T08:32:59Z">
      <class name="com.jollychic.JollyCI.GetGoodsCommentsTest">
        <test-method status="PASS" signature="execute()[pri:0, instance:com.jollychic.JollyCI.GetGoodsCommentsTest@4997fb2b]" name="execute" duration-ms="78" started-at="2016-05-10T16:32:59Z" finished-at="2016-05-10T16:32:59Z">
          <reporter-output>
          </reporter-output>
        </test-method> <!-- execute -->
        <test-method status="PASS" signature="execute2()[pri:0, instance:com.jollychic.JollyCI.GetGoodsCommentsTest@4997fb2b]" name="execute2" duration-ms="0" started-at="2016-05-10T16:32:59Z" finished-at="2016-05-10T16:32:59Z">
          <reporter-output>
          </reporter-output>
        </test-method> <!-- execute2 -->
      </class> <!-- com.jollychic.JollyCI.GetGoodsCommentsTest -->
      <class name="com.jollychic.JollyCI.GetEdtionTest">
        <test-method status="PASS" signature="execute()[pri:0, instance:com.jollychic.JollyCI.GetEdtionTest@7f1e1a8e]" test-instance-name="" name="execute" duration-ms="515" started-at="2016-05-10T16:32:58Z" finished-at="2016-05-10T16:32:59Z">
          <reporter-output>
          </reporter-output>
        </test-method> <!-- execute -->
        <test-method status="PASS" signature="execute2()[pri:0, instance:com.jollychic.JollyCI.GetEdtionTest@7f1e1a8e]" test-instance-name="" name="execute2" duration-ms="0" started-at="2016-05-10T16:32:59Z" finished-at="2016-05-10T16:32:59Z">
          <reporter-output>
          </reporter-output>
        </test-method> <!-- execute2 -->
      </class> <!-- com.jollychic.JollyCI.GetEdtionTest -->
    </test> <!-- Command line test -->
  </suite> <!-- Command line suite -->
</testng-results>
