<?xml version="1.0" encoding="UTF-8"?>
<testsuite hostname="PC-201307311027" name="com.jollychic.JollyCI.GetEdtionTest" tests="4" failures="0" timestamp="5 May 2016 13:31:29 GMT" time="0.421" errors="0">
  <testcase name="execute" time="0.39" classname="com.jollychic.JollyCI.GetEdtionTest"/>
  <testcase name="execute2" time="0.0" classname="com.jollychic.JollyCI.GetEdtionTest"/>
  <testcase name="execute" time="0.011" classname="com.jollychic.JollyCI.GetGoodsCommentsTest"/>
  <testcase name="execute2" time="0.0" classname="com.jollychic.JollyCI.GetGoodsCommentsTest"/>
</testsuite>
