<?xml version="1.0" encoding="UTF-8" ?>
<testsuite failures="1" time="2.588" errors="0" skipped="0" tests="4" name="TestSuite">
  <properties>
[...]
</properties>
  <testcase time="2.288" classname="com.jollychic.app2Test.GetEdtionTest" name="execute"/>
  <testcase time="0.011" classname="com.jollychic.app2Test.GetEdtionTest" name="execute2"/>
  <testcase time="0.001" classname="com.jollychic.app2Test.RegisterTest" name="execute2"/>
  <testcase time="0.288" classname="com.jollychic.app2Test.RegisterTest" name="getNormalRegister">
    <failure type="java.lang.NullPointerException">java.lang.NullPointerException
	at com.jollychic.jdbc.DataBase.updateClose(DataBase.java:95)
	at com.jollychic.jdbc.DataBase.update(DataBase.java:68)
	at com.jollychic.dao.RegisterDao.deleteUser(RegisterDao.java:17)
	at com.jollychic.app2Test.RegisterTest.getNormalRegister(RegisterTest.java:34)
</failure>
    <system-out>POST 请求....http://192.168.3.33:2015/user/register.do
-------------------------------------------------------
{&quot;alias&quot;:&quot;dong&quot;,&quot;appVersion&quot;:&quot;3.1&quot;,&quot;confirm&quot;:&quot;dongdong123&quot;,&quot;password&quot;:&quot;dongdong123&quot;,&quot;sex&quot;:&quot;1&quot;,&quot;terminalType&quot;:2,&quot;userName&quot;:&quot;zhangdo@163.com&quot;}
-------------------------------------------------------
{&quot;message&quot;:&quot;The email address has been registered. Please enter another one.&quot;,&quot;messageType&quot;:2,&quot;result&quot;:1,&quot;userId&quot;:648001528,&quot;userToken&quot;:&quot;DH8sGbnz3n+ibtFYmIHU2QQQ&quot;,&quot;username&quot;:&quot;zhangdo@163.com&quot;}
-------------------------------------------------------
HTTP/1.1 200 OK
</system-out>
  </testcase>
</testsuite>