<?xml version="1.0" encoding="UTF-8"?>
<testng-results skipped="0" failed="0" total="4" passed="4">
  <reporter-output>
  </reporter-output>
  <suite name="Default suite" duration-ms="421" started-at="2016-05-05T21:31:29Z" finished-at="2016-05-05T21:31:29Z">
    <groups>
    </groups>
    <test name="Default test" duration-ms="421" started-at="2016-05-05T21:31:29Z" finished-at="2016-05-05T21:31:29Z">
      <class name="com.jollychic.JollyCI.GetGoodsCommentsTest">
        <test-method status="PASS" signature="execute()" name="execute" duration-ms="11" started-at="2016-05-05T21:31:29Z" finished-at="2016-05-05T21:31:29Z">
        </test-method>
        <test-method status="PASS" signature="execute2()" name="execute2" duration-ms="0" started-at="2016-05-05T21:31:29Z" finished-at="2016-05-05T21:31:29Z">
        </test-method>
      </class>
      <class name="com.jollychic.JollyCI.GetEdtionTest">
        <test-method status="PASS" signature="execute()" name="execute" duration-ms="390" started-at="2016-05-05T21:31:29Z" finished-at="2016-05-05T21:31:29Z">
        </test-method>
        <test-method status="PASS" signature="execute2()" name="execute2" duration-ms="0" started-at="2016-05-05T21:31:29Z" finished-at="2016-05-05T21:31:29Z">
        </test-method>
      </class>
    </test>
  </suite>
</testng-results>
